This is pdfTeXk, Version 3.141592-1.40.3 (Web2C 7.5.6) (format=pdflatex 2012.8.11)  5 JAN 2016 11:40
entering extended mode
 %&-line parsing enabled.
**graphene_paper.tex
(./graphene_paper.tex
LaTeX2e <2005/12/01>
Babel <v3.8h> and hyphenation patterns for english, usenglishmax, dumylang, noh
yphenation, arabic, basque, bulgarian, coptic, welsh, czech, slovak, german, ng
erman, danish, esperanto, spanish, catalan, galician, estonian, farsi, finnish,
 french, greek, monogreek, ancientgreek, croatian, hungarian, interlingua, ibyc
us, indonesian, icelandic, italian, latin, mongolian, dutch, norsk, polish, por
tuguese, pinyin, romanian, russian, slovenian, uppersorbian, serbian, swedish, 
turkish, ukenglish, ukrainian, loaded.
(/usr/share/texmf/tex/latex/revtex/revtex4.cls
Document Class: revtex4 2001/08/02 v4.0 (http://publish.aps.org/revtex4/ for do
cumentation)
 Copyright (c) 2001 The American Physical Society.
 mailto:revtex@aps.org
 Licensed under the LPPL:
http://www.ctan.org/tex-archive/macros/latex/base/lppl.txt
 Arthur Ogawa <ogawa@teleport.com>
 Based on work by David Carlisle <david@dcarlisle.demon.co.uk>.
ltxutil: portions licensed from W. E. Baxter (web@superscript.com)
Class revtex4 Info: Repairing broken LateX \@sect on input line 596.
\intertabularlinepenalty=\count79
\@tbpen=\count80
\@arstrutbox@hline=\box26
Class revtex4 Info: Repairing broken LaTeX \@xbitor on input line 1610.
ltxgrid: portions licensed from W. E. Baxter (web@superscript.com)
\c@linecount=\count81
\output=\toks14
\@protection@box=\box27
\@topmark@saved=\toks15
\footins@saved=\box28
\pagesofar=\box29
\footbox=\box30
\pagegrid@col=\count82
Class revtex4 Info: Incorporating package {textcase}  [1998/11/12 v0.06 Text on
ly upper/lower case changing (DPC)]. on input line 3682.
(/usr/share/texmf/tex/latex/ltxmisc/url.sty
\Urlmuskip=\muskip10
Package: url 2005/06/27  ver 3.2  Verb mode for urls, etc.
)
\c@affil=\count83
\absbox=\box31
\c@part=\count84
\c@section=\count85
\c@subsection=\count86
\c@subsubsection=\count87
\c@paragraph=\count88
\c@subparagraph=\count89
\abovecaptionskip=\skip41
\belowcaptionskip=\skip42
\c@figure=\count90
\c@table=\count91

(/usr/share/texmf/tex/latex/natbib/natbib.sty
Package: natbib 2007/02/05 8.0 (PWD)
\bibhang=\skip43
\bibsep=\skip44
LaTeX Info: Redefining \cite on input line 602.
\c@NAT@ctr=\count92
)
\widetext@top=\box32
\widetext@bot=\box33

(/usr/share/texmf/tex/latex/revtex/revsymb.sty
Package: revsymb 2001/08/02 v4.0 (http://publish.aps.org/revtex4/ for documenta
tion)
LaTeX Info: Redefining \REV@mathfrak on input line 118.
))
(/usr/share/texmf/tex/latex/revtex/aps.rtx
File: aps.rtx 2001/08/02 v4.0 (http://publish.aps.org/revtex4/ for documentatio
n)
)
(/usr/share/texmf/tex/latex/revtex/10pt.rtx
File: 10pt.rtx 2001/08/02 v4.0 (http://publish.aps.org/revtex4/ for documentati
on)
)
(/usr/share/texmf/tex/latex/graphics/graphicx.sty
Package: graphicx 1999/02/16 v1.0f Enhanced LaTeX Graphics (DPC,SPQR)

(/usr/share/texmf/tex/latex/graphics/keyval.sty
Package: keyval 1999/03/16 v1.13 key=value parser (DPC)
\KV@toks@=\toks16
)
(/usr/share/texmf/tex/latex/graphics/graphics.sty
Package: graphics 2006/02/20 v1.0o Standard LaTeX Graphics (DPC,SPQR)

(/usr/share/texmf/tex/latex/graphics/trig.sty
Package: trig 1999/03/16 v1.09 sin cos tan (DPC)
)
(/usr/share/texmf/tex/latex/config/graphics.cfg
File: graphics.cfg 2007/01/18 v1.5 graphics configuration of teTeX/TeXLive
)
Package graphics Info: Driver file: pdftex.def on input line 90.

(/usr/share/texmf/tex/latex/pdftex-def/pdftex.def
File: pdftex.def 2007/01/08 v0.04d Graphics/color for pdfTeX
\Gread@gobject=\count93
))
\Gin@req@height=\dimen102
\Gin@req@width=\dimen103
)
(/usr/share/texmf/tex/latex/tools/dcolumn.sty
Package: dcolumn 2001/05/28 v1.06 decimal alignment package (DPC)

(/usr/share/texmf/tex/latex/tools/array.sty
Package: array 2005/08/23 v2.4b Tabular extension package (FMi)
\col@sep=\dimen104
\extrarowheight=\dimen105
\NC@list=\toks17
\extratabsurround=\skip45
\backup@length=\skip46
))
(/usr/share/texmf/tex/latex/tools/bm.sty
Package: bm 2004/02/26 v1.1c Bold Symbol Support (DPC/FMi)
\symboldoperators=\mathgroup4
\symboldletters=\mathgroup5
\symboldsymbols=\mathgroup6
LaTeX Font Info:    Redeclaring math alphabet \mathbf on input line 137.
LaTeX Info: Redefining \bm on input line 203.
)
(/usr/share/texmf/tex/latex/amsfonts/amssymb.sty
Package: amssymb 2002/01/22 v2.2d

(/usr/share/texmf/tex/latex/amsfonts/amsfonts.sty
Package: amsfonts 2001/10/25 v2.2f
\@emptytoks=\toks18
\symAMSa=\mathgroup7
\symAMSb=\mathgroup8
LaTeX Font Info:    Overwriting math alphabet `\mathfrak' in version `bold'
(Font)                  U/euf/m/n --> U/euf/b/n on input line 132.
LaTeX Info: Redefining \frak on input line 135.
LaTeX Info: Redefining \Bbb on input line 137.
))
(/usr/share/texmf/tex/latex/xcolor/xcolor.sty
Package: xcolor 2007/01/21 v2.11 LaTeX color extensions (UK)

(/usr/share/texmf/tex/latex/config/color.cfg
File: color.cfg 2007/01/18 v1.5 color configuration of teTeX/TeXLive
)
Package xcolor Info: Driver file: pdftex.def on input line 225.
Package xcolor Info: Model `cmy' substituted by `cmy0' on input line 1337.
Package xcolor Info: Model `hsb' substituted by `rgb' on input line 1341.
Package xcolor Info: Model `RGB' extended on input line 1353.
Package xcolor Info: Model `HTML' substituted by `rgb' on input line 1355.
Package xcolor Info: Model `Hsb' substituted by `hsb' on input line 1356.
Package xcolor Info: Model `tHsb' substituted by `hsb' on input line 1357.
Package xcolor Info: Model `HSB' substituted by `hsb' on input line 1358.
Package xcolor Info: Model `Gray' substituted by `gray' on input line 1359.
Package xcolor Info: Model `wave' substituted by `hsb' on input line 1360.
) (./graphene_paper.aux)
\openout1 = `graphene_paper.aux'.

LaTeX Font Info:    Checking defaults for OML/cmm/m/it on input line 37.
LaTeX Font Info:    ... okay on input line 37.
LaTeX Font Info:    Checking defaults for T1/cmr/m/n on input line 37.
LaTeX Font Info:    ... okay on input line 37.
LaTeX Font Info:    Checking defaults for OT1/cmr/m/n on input line 37.
LaTeX Font Info:    ... okay on input line 37.
LaTeX Font Info:    Checking defaults for OMS/cmsy/m/n on input line 37.
LaTeX Font Info:    ... okay on input line 37.
LaTeX Font Info:    Checking defaults for OMX/cmex/m/n on input line 37.
LaTeX Font Info:    ... okay on input line 37.
LaTeX Font Info:    Checking defaults for U/cmr/m/n on input line 37.
LaTeX Font Info:    ... okay on input line 37.
Class revtex4 Info: Patching array package. on input line 37.
Class revtex4 Info: cite was not loaded (OK!) on input line 37.
Class revtex4 Info: multicol was not loaded (OK!) on input line 37.
LaTeX Font Info:    Try loading font information for U+msa on input line 86.

(/usr/share/texmf/tex/latex/amsfonts/umsa.fd
File: umsa.fd 2002/01/19 v2.2g AMS font definitions
)
LaTeX Font Info:    Try loading font information for U+msb on input line 86.

(/usr/share/texmf/tex/latex/amsfonts/umsb.fd
File: umsb.fd 2002/01/19 v2.2g AMS font definitions
) [1{/usr/share/texmf/fonts/map/pdftex/updmap/pdftex.map}] [2] [3]
Overfull \hbox (5.75845pt too wide) in alignment at lines 303--306
 [][][] []
 []


Underfull \hbox (badness 2582) in paragraph at lines 311--313
\OT1/cmr/m/n/10 Of course, by in-tro-duc-ing in-ter-ac-tions among the
 []

[4] [5] [6] <pbp_vs_m_compare_graphene_paper.pdf, id=40, 794.97pt x 614.295pt>
File: pbp_vs_m_compare_graphene_paper.pdf Graphic file (type pdf)

<use pbp_vs_m_compare_graphene_paper.pdf>
<pbp_vs_m_PHI0125_volcompare_3_graphene_paper.pdf, id=41, 794.97pt x 614.295pt>
File: pbp_vs_m_PHI0125_volcompare_3_graphene_paper.pdf Graphic file (type pdf)
<use pbp_vs_m_PHI0125_volcompare_3_graphene_paper.pdf>
<pbp_vs_TdivM_PHI0125_zoom_graphene_paper.pdf, id=42, 794.97pt x 614.295pt>
File: pbp_vs_TdivM_PHI0125_zoom_graphene_paper.pdf Graphic file (type pdf)

<use pbp_vs_TdivM_PHI0125_zoom_graphene_paper.pdf>
<pbp_vs_m_zeroT_PHI0125_lin_graphene_paper.pdf, id=43, 794.97pt x 614.295pt>
File: pbp_vs_m_zeroT_PHI0125_lin_graphene_paper.pdf Graphic file (type pdf)

<use pbp_vs_m_zeroT_PHI0125_lin_graphene_paper.pdf>
<pbp_vs_PHI_NL_graphene_paper.pdf, id=44, 794.97pt x 614.295pt>
File: pbp_vs_PHI_NL_graphene_paper.pdf Graphic file (type pdf)

<use pbp_vs_PHI_NL_graphene_paper.pdf>
<haldanediveB_vs_m_zeroT_graphene_paper.pdf, id=45, 794.97pt x 614.295pt>
File: haldanediveB_vs_m_zeroT_graphene_paper.pdf Graphic file (type pdf)

<use haldanediveB_vs_m_zeroT_graphene_paper.pdf>
<ps_mt_vs_m_2exp_graphene_paper.pdf, id=46, 794.97pt x 614.295pt>
File: ps_mt_vs_m_2exp_graphene_paper.pdf Graphic file (type pdf)

<use ps_mt_vs_m_2exp_graphene_paper.pdf>
<ferm_mt_vs_m_graphene_paper.pdf, id=47, 794.97pt x 614.295pt>
File: ferm_mt_vs_m_graphene_paper.pdf Graphic file (type pdf)

<use ferm_mt_vs_m_graphene_paper.pdf>
Underfull \hbox (badness 1137) in paragraph at lines 510--514
\OT1/cmr/m/n/10 per-for-mance com-puter of Jo-hann Wolf-gang Goethe-
 []

[7]

LaTeX Warning: A float is stuck (cannot be placed); try class option [floatfix]
 on input line 514.

[8 <./pbp_vs_m_compare_graphene_paper.pdf, page is rotated 90 degrees> <./pbp_v
s_m_PHI0125_volcompare_3_graphene_paper.pdf, page is rotated 90 degrees> <./pbp
_vs_TdivM_PHI0125_zoom_graphene_paper.pdf, page is rotated 90 degrees> <./pbp_v
s_m_zeroT_PHI0125_lin_graphene_paper.pdf, page is rotated 90 degrees>]

LaTeX Warning: A float is stuck (cannot be placed); try class option [floatfix]
 on input line 519.

[9 <./pbp_vs_PHI_NL_graphene_paper.pdf, page is rotated 90 degrees> <./haldaned
iveB_vs_m_zeroT_graphene_paper.pdf, page is rotated 90 degrees> <./ps_mt_vs_m_2
exp_graphene_paper.pdf, page is rotated 90 degrees> <./ferm_mt_vs_m_graphene_pa
per.pdf, page is rotated 90 degrees>]
Overfull \hbox (16.20865pt too wide) in alignment at lines 551--556
 [][][] []
 []

[10]
Underfull \hbox (badness 1009) in paragraph at lines 1006--1007
 []\OT1/cmr/m/n/9 G. S. Bali, F. Bruck-mann, G. En-drodi, Z. Fodor,
 []


Underfull \hbox (badness 1931) in paragraph at lines 1006--1007
 \OT1/cmr/m/n/9 and S. D. Katz, PoS LAT-TICE2011, 192 (2011),
 []

[11]
Underfull \hbox (badness 4805) in paragraph at lines 1009--1010
 []\OT1/cmr/m/n/9 C. Win-terowd, C. De-Tar, and S. Zafeiropou-los,
 []


Underfull \hbox (badness 8038) in paragraph at lines 1045--1046
 []\OT1/cmr/m/n/9 J. E. Drut, T. A. Lahde, and L. Suo-ranta,
 []


Class revtex4 Warning: Environment acknowledgements is obsolete;
Use acknowledgments instead.

[12] (./graphene_paper.aux) ) 
Here is how much of TeX's memory you used:
 3166 strings out of 256216
 38695 string characters out of 1917072
 123791 words of memory out of 1500000
 6422 multiletter control sequences out of 10000+200000
 14651 words of font info for 54 fonts, out of 1200000 for 2000
 648 hyphenation exceptions out of 8191
 29i,14n,35p,670b,282s stack positions out of 5000i,500n,6000p,200000b,15000s
</usr/share/texmf/fonts/type1/bluesky/cm/cmbx10.pf
b></usr/share/texmf/fonts/type1/bluesky/cm/cmbx12.pfb></usr/share/texmf/fonts/t
ype1/bluesky/cm/cmbx9.pfb></usr/share/texmf/fonts/type1/bluesky/cm/cmex10.pfb><
/usr/share/texmf/fonts/type1/bluesky/cm/cmmi10.pfb></usr/share/texmf/fonts/type
1/bluesky/cm/cmmi5.pfb></usr/share/texmf/fonts/type1/bluesky/cm/cmmi6.pfb></usr
/share/texmf/fonts/type1/bluesky/cm/cmmi7.pfb></usr/share/texmf/fonts/type1/blu
esky/cm/cmmi9.pfb></usr/share/texmf/fonts/type1/bluesky/cm/cmr10.pfb></usr/shar
e/texmf/fonts/type1/bluesky/cm/cmr5.pfb></usr/share/texmf/fonts/type1/bluesky/c
m/cmr6.pfb></usr/share/texmf/fonts/type1/bluesky/cm/cmr7.pfb></usr/share/texmf/
fonts/type1/bluesky/cm/cmr8.pfb></usr/share/texmf/fonts/type1/bluesky/cm/cmr9.p
fb></usr/share/texmf/fonts/type1/bluesky/cm/cmsy10.pfb></usr/share/texmf/fonts/
type1/bluesky/cm/cmsy5.pfb></usr/share/texmf/fonts/type1/bluesky/cm/cmsy7.pfb><
/usr/share/texmf/fonts/type1/bluesky/cm/cmsy9.pfb></usr/share/texmf/fonts/type1
/bluesky/cm/cmti7.pfb></usr/share/texmf/fonts/type1/bluesky/cm/cmti9.pfb></usr/
share/texmf/fonts/type1/bluesky/ams/msbm10.pfb>
Output written on graphene_paper.pdf (12 pages, 238993 bytes).
PDF statistics:
 185 PDF objects out of 1000 (max. 8388607)
 0 named destinations out of 1000 (max. 131072)
 41 words of extra memory for PDF output out of 10000 (max. 10000000)

